2013-08-27 08:46:23,059 INFO  [org.hibernate.tool.hbm2ddl.TableMetadata] table found: eboscont.asiento_detalle
2013-08-27 08:46:23,059 INFO  [org.hibernate.tool.hbm2ddl.TableMetadata] columns: [valor_haber, id_cuenta_contable, id_subcentro_costo, id_documento, modificacion, descripcion, id_centro_costo, id, valor_debe, id_modificador, id_creador, creacion, id_asiento]
2013-08-27 08:46:23,060 INFO  [org.hibernate.tool.hbm2ddl.TableMetadata] foreign keys: [fk7cf6ccd3d5aca0c6, fk7cf6ccd397944aad, fk7cf6ccd3ce7806f0, fk7cf6ccd36e7a9d23, fk7cf6ccd3c1c6f9ab, fk7cf6ccd39a0a2b44, fk7cf6ccd382bee27, fk7cf6ccd3726ce035, fk7cf6ccd385bd975e]
2013-08-27 08:46:23,060 INFO  [org.hibernate.tool.hbm2ddl.TableMetadata] indexes: [asiento_detalle_pkey]
2013-08-27 08:46:23,090 INFO  [org.hibernate.tool.hbm2ddl.TableMetadata] table found: eboscont.centro_costo
2013-08-27 08:46:23,090 INFO  [org.hibernate.tool.hbm2ddl.TableMetadata] columns: [pide_subcentro_costo, modificacion, descripcion, id, codigo, estado, id_tipo_centro_costo, id_modificador, codigo_formato, id_padre, id_creador, creacion, nivel, terminante]
2013-08-27 08:46:23,090 INFO  [org.hibernate.tool.hbm2ddl.TableMetadata] foreign keys: [fk7915b7486e7a9d23, fk7915b748f8f3a0b, fk7915b748173cd6c4, fk7915b748d5aca0c6]
2013-08-27 08:46:23,090 INFO  [org.hibernate.tool.hbm2ddl.TableMetadata] indexes: [centro_costo_pkey, centro_costo_codigo_key]
2013-08-27 08:46:23,111 INFO  [org.hibernate.tool.hbm2ddl.TableMetadata] table found: eboscont.centro_costo_empresa
2013-08-27 08:46:23,112 INFO  [org.hibernate.tool.hbm2ddl.TableMetadata] columns: [id, id_padre, id_empresa]
2013-08-27 08:46:23,112 INFO  [org.hibernate.tool.hbm2ddl.TableMetadata] foreign keys: [fk893e6272d1c1d70a, fk893e6272f8f3a0b]
2013-08-27 08:46:23,112 INFO  [org.hibernate.tool.hbm2ddl.TableMetadata] indexes: [centro_costo_empresa_pkey]
2013-08-27 08:46:23,136 INFO  [org.hibernate.tool.hbm2ddl.TableMetadata] table found: eboscont.centro_subcentro
2013-08-27 08:46:23,136 INFO  [org.hibernate.tool.hbm2ddl.TableMetadata] columns: [id, id_subcentro_costo, estado, id_tipo_centro_costo, id_centro_costo]
2013-08-27 08:46:23,136 INFO  [org.hibernate.tool.hbm2ddl.TableMetadata] foreign keys: [fk10324e2b173cd6c4, fk10324e2b97944aad, fk10324e2b726ce035]
2013-08-27 08:46:23,136 INFO  [org.hibernate.tool.hbm2ddl.TableMetadata] indexes: [centro_subcentro_pkey]
2013-08-27 08:46:23,163 INFO  [org.hibernate.tool.hbm2ddl.TableMetadata] table found: eboscont.cuenta_centro
2013-08-27 08:46:23,163 INFO  [org.hibernate.tool.hbm2ddl.TableMetadata] columns: [id, id_cuenta_contable, estado, id_tipo_centro_costo, id_modificador, modificacion, id_creador, creacion, id_empresa]
2013-08-27 08:46:23,163 INFO  [org.hibernate.tool.hbm2ddl.TableMetadata] foreign keys: [fka8a1d1bc6e7a9d23, fka8a1d1bcd5aca0c6, fka8a1d1bc173cd6c4, fka8a1d1bc82bee27, fka8a1d1bcd1c1d70a]
2013-08-27 08:46:23,163 INFO  [org.hibernate.tool.hbm2ddl.TableMetadata] indexes: [cuenta_centro_pkey]
2013-08-27 08:46:23,192 INFO  [org.hibernate.tool.hbm2ddl.TableMetadata] table found: eboscont.cuenta_contable
2013-08-27 08:46:23,192 INFO  [org.hibernate.tool.hbm2ddl.TableMetadata] columns: [tipo_proceso, modificacion, descripcion, pide_centro_costo, id, codigo, id_tipo_cuenta, estado, id_modificador, id_padre, codigo_formato, id_creador, creacion, nivel, naturaleza, terminante]
2013-08-27 08:46:23,192 INFO  [org.hibernate.tool.hbm2ddl.TableMetadata] foreign keys: [fk186ac1a3d153b18a, fk186ac1a3d5aca0c6, fk186ac1a36e7a9d23, fk186ac1a38fe300df]
2013-08-27 08:46:23,192 INFO  [org.hibernate.tool.hbm2ddl.TableMetadata] indexes: [cuenta_contable_pkey, cuenta_contable_codigo_key]
2013-08-27 08:46:23,214 INFO  [org.hibernate.tool.hbm2ddl.TableMetadata] table found: eboscont.cuenta_contable_empresa
2013-08-27 08:46:23,214 INFO  [org.hibernate.tool.hbm2ddl.TableMetadata] columns: [id, id_cuenta_contable, id_empresa]
2013-08-27 08:46:23,214 INFO  [org.hibernate.tool.hbm2ddl.TableMetadata] foreign keys: [fk643ce1cd82bee27, fk643ce1cdd1c1d70a]
2013-08-27 08:46:23,214 INFO  [org.hibernate.tool.hbm2ddl.TableMetadata] indexes: [cuenta_contable_empresa_pkey]
2013-08-27 08:46:23,244 INFO  [org.hibernate.tool.hbm2ddl.TableMetadata] table found: eboscont.documento_distribucion
2013-08-27 08:46:23,244 INFO  [org.hibernate.tool.hbm2ddl.TableMetadata] columns: [id, id_subcentro_costo, estado, id_documento, id_modificador, valor, modificacion, id_creador, creacion, id_centro_costo]
2013-08-27 08:46:23,244 INFO  [org.hibernate.tool.hbm2ddl.TableMetadata] foreign keys: [fkfdb15400ce7806f0, fkfdb15400d5aca0c6, fkfdb1540097944aad, fkfdb154006e7a9d23, fkfdb15400726ce035]
2013-08-27 08:46:23,245 INFO  [org.hibernate.tool.hbm2ddl.TableMetadata] indexes: [documento_distribucion_pkey]
2013-08-27 08:46:23,265 INFO  [org.hibernate.tool.hbm2ddl.TableMetadata] table found: eboscont.ejercicio
2013-08-27 08:46:23,266 INFO  [org.hibernate.tool.hbm2ddl.TableMetadata] columns: [codigo, id, fecha_inicial, fecha_final, estado, id_cuenta_utilidad, valor, descripcion, id_empresa]
2013-08-27 08:46:23,266 INFO  [org.hibernate.tool.hbm2ddl.TableMetadata] foreign keys: [fkcf5699b1558af01b, fkcf5699b1d1c1d70a]
2013-08-27 08:46:23,266 INFO  [org.hibernate.tool.hbm2ddl.TableMetadata] indexes: [ejercicio_pkey]
2013-08-27 08:46:23,288 INFO  [org.hibernate.tool.hbm2ddl.TableMetadata] table found: eboscont.periodo
2013-08-27 08:46:23,289 INFO  [org.hibernate.tool.hbm2ddl.TableMetadata] columns: [codigo, id, fecha_inicial, fecha_final, estado, id_periodo_fiscal_pais, id_ejercicio, descripcion, valor_utilidad]
2013-08-27 08:46:23,289 INFO  [org.hibernate.tool.hbm2ddl.TableMetadata] foreign keys: [fk256ceae5500e144, fk256ceaee4ef694a]
2013-08-27 08:46:23,289 INFO  [org.hibernate.tool.hbm2ddl.TableMetadata] indexes: [periodo_pkey]
2013-08-27 08:46:23,308 INFO  [org.hibernate.tool.hbm2ddl.TableMetadata] table found: eboscont.periodo_fiscal_pais
2013-08-27 08:46:23,308 INFO  [org.hibernate.tool.hbm2ddl.TableMetadata] columns: [id_division_geografica, codigo, id, descripcion]
2013-08-27 08:46:23,309 INFO  [org.hibernate.tool.hbm2ddl.TableMetadata] foreign keys: [fk2faae4ab7e2bbfc8]
2013-08-27 08:46:23,309 INFO  [org.hibernate.tool.hbm2ddl.TableMetadata] indexes: [periodo_fiscal_pais_pkey]
2013-08-27 08:46:23,335 INFO  [org.hibernate.tool.hbm2ddl.TableMetadata] table found: eboscont.saldo_centro_costo
2013-08-27 08:46:23,335 INFO  [org.hibernate.tool.hbm2ddl.TableMetadata] columns: [valor_haber, id, tiposaldo, valor_debe, estado, id_modificador, modificacion, id_periodo, id_creador, creacion, id_centro_costo, saldo_inicial]
2013-08-27 08:46:23,335 INFO  [org.hibernate.tool.hbm2ddl.TableMetadata] foreign keys: [fkbb2a1efe89f22544, fkbb2a1efe726ce035, fkbb2a1efed5aca0c6, fkbb2a1efe6e7a9d23]
2013-08-27 08:46:23,335 INFO  [org.hibernate.tool.hbm2ddl.TableMetadata] indexes: [saldo_centro_costo_pkey]
2013-08-27 08:46:23,366 INFO  [org.hibernate.tool.hbm2ddl.TableMetadata] table found: eboscont.saldo_cuenta_centro
2013-08-27 08:46:23,366 INFO  [org.hibernate.tool.hbm2ddl.TableMetadata] columns: [valor_haber, id_cuenta_contable, id_subcentro_costo, modificacion, id_periodo, saldo, id_centro_costo, id, valor_debe, estado, id_modificador, id_creador, creacion, saldo_inicial]
2013-08-27 08:46:23,366 INFO  [org.hibernate.tool.hbm2ddl.TableMetadata] foreign keys: [fka91a60c6726ce035, fka91a60c697944aad, fka91a60c66e7a9d23, fka91a60c689f22544, fka91a60c6d5aca0c6, fka91a60c682bee27]
2013-08-27 08:46:23,366 INFO  [org.hibernate.tool.hbm2ddl.TableMetadata] indexes: [saldo_cuenta_centro_pkey]
2013-08-27 08:46:23,393 INFO  [org.hibernate.tool.hbm2ddl.TableMetadata] table found: eboscont.saldo_cuenta_contable
2013-08-27 08:46:23,393 INFO  [org.hibernate.tool.hbm2ddl.TableMetadata] columns: [valor_haber, id, id_cuenta_contable, valor_debe, estado, id_modificador, modificacion, id_periodo, id_creador, creacion, saldo, saldo_inicial]
2013-08-27 08:46:23,394 INFO  [org.hibernate.tool.hbm2ddl.TableMetadata] foreign keys: [fkdcfbb62d82bee27, fkdcfbb62d6e7a9d23, fkdcfbb62d89f22544, fkdcfbb62dd5aca0c6]
2013-08-27 08:46:23,394 INFO  [org.hibernate.tool.hbm2ddl.TableMetadata] indexes: [saldo_cuenta_contable_pkey]
2013-08-27 08:46:23,419 INFO  [org.hibernate.tool.hbm2ddl.TableMetadata] table found: eboscont.saldo_retencion
2013-08-27 08:46:23,419 INFO  [org.hibernate.tool.hbm2ddl.TableMetadata] columns: [id, base_imponible, id_modificador, modificacion, id_periodo, id_creador, valor_retenido, creacion, id_tipo_retencion]
2013-08-27 08:46:23,419 INFO  [org.hibernate.tool.hbm2ddl.TableMetadata] foreign keys: [fk42aed8b989f22544, fk42aed8b96e837ecf, fk42aed8b9d5aca0c6, fk42aed8b96e7a9d23]
2013-08-27 08:46:23,419 INFO  [org.hibernate.tool.hbm2ddl.TableMetadata] indexes: [saldo_retencion_pkey]
2013-08-27 08:46:23,441 INFO  [org.hibernate.tool.hbm2ddl.TableMetadata] table found: eboscont.tipo_asiento
2013-08-27 08:46:23,441 INFO  [org.hibernate.tool.hbm2ddl.TableMetadata] columns: [codigo, id, estado, id_modificador, distribucion, modificacion, descripcion, id_creador, formato_referencia, creacion]
2013-08-27 08:46:23,442 INFO  [org.hibernate.tool.hbm2ddl.TableMetadata] foreign keys: [fka05f05b06e7a9d23, fka05f05b0d5aca0c6]
2013-08-27 08:46:23,442 INFO  [org.hibernate.tool.hbm2ddl.TableMetadata] indexes: [tipo_asiento_pkey]
2013-08-27 08:46:23,462 INFO  [org.hibernate.tool.hbm2ddl.TableMetadata] table found: eboscont.tipo_centro_costo
2013-08-27 08:46:23,463 INFO  [org.hibernate.tool.hbm2ddl.TableMetadata] columns: [codigo, id, estado, distribucion, descripcion]
2013-08-27 08:46:23,463 INFO  [org.hibernate.tool.hbm2ddl.TableMetadata] foreign keys: []
2013-08-27 08:46:23,463 INFO  [org.hibernate.tool.hbm2ddl.TableMetadata] indexes: [tipo_centro_costo_pkey]
2013-08-27 08:46:23,483 INFO  [org.hibernate.tool.hbm2ddl.TableMetadata] table found: eboscont.tipo_cuenta
2013-08-27 08:46:23,483 INFO  [org.hibernate.tool.hbm2ddl.TableMetadata] columns: [codigo, id, tipo, descripcion, naturaleza]
2013-08-27 08:46:23,483 INFO  [org.hibernate.tool.hbm2ddl.TableMetadata] foreign keys: []
2013-08-27 08:46:23,484 INFO  [org.hibernate.tool.hbm2ddl.TableMetadata] indexes: [tipo_cuenta_pkey]
2013-08-27 08:46:23,485 INFO  [org.hibernate.tool.hbm2ddl.DatabaseMetadata] table not found: PRODUCTO_BASE
2013-08-27 08:46:23,556 INFO  [org.hibernate.tool.hbm2ddl.TableMetadata] table found: ebosmast.activo
2013-08-27 08:46:23,557 INFO  [org.hibernate.tool.hbm2ddl.TableMetadata] columns: [id, id_categoria, estado, id_modificador, modificacion, descripcion, id_creador, creacion, id_empresa]
2013-08-27 08:46:23,557 INFO  [org.hibernate.tool.hbm2ddl.TableMetadata] foreign keys: [fk72c27310d5aca0c6, fk72c27310d1c1d70a, fk72c273103e234921, fk72c273106e7a9d23]
2013-08-27 08:46:23,557 INFO  [org.hibernate.tool.hbm2ddl.TableMetadata] indexes: [activo_pkey]
2013-08-27 08:46:23,582 INFO  [org.hibernate.tool.hbm2ddl.TableMetadata] table found: ebosmast.activo_custodio
2013-08-27 08:46:23,582 INFO  [org.hibernate.tool.hbm2ddl.TableMetadata] columns: [id, estado, id_modificador, modificacion, id_creador, creacion, id_activo, id_empresapersona]
2013-08-27 08:46:23,582 INFO  [org.hibernate.tool.hbm2ddl.TableMetadata] foreign keys: [fk22127edd81ba6945, fk22127eddd5aca0c6, fk22127edd6e7a9d23, fk22127edd16c4340b]
2013-08-27 08:46:23,582 INFO  [org.hibernate.tool.hbm2ddl.TableMetadata] indexes: [activo_custodio_pkey]
2013-08-27 08:46:23,602 INFO  [org.hibernate.tool.hbm2ddl.TableMetadata] table found: ebosmast.categoria
2013-08-27 08:46:23,603 INFO  [org.hibernate.tool.hbm2ddl.TableMetadata] columns: [codigo, id, estado, id_padre, descripcion]
2013-08-27 08:46:23,603 INFO  [org.hibernate.tool.hbm2ddl.TableMetadata] foreign keys: [fk36cf113d6199bf4]
2013-08-27 08:46:23,603 INFO  [org.hibernate.tool.hbm2ddl.TableMetadata] indexes: [categoria_pkey, categoria_codigo_key]
2013-08-27 08:46:23,623 INFO  [org.hibernate.tool.hbm2ddl.TableMetadata] table found: ebosmast.division_geografica
2013-08-27 08:46:23,624 INFO  [org.hibernate.tool.hbm2ddl.TableMetadata] columns: [id_division_geografica, codigo, id, descripcion, nivel, terminante]
2013-08-27 08:46:23,624 INFO  [org.hibernate.tool.hbm2ddl.TableMetadata] foreign keys: [fkd91dd0987e2bbfc8]
2013-08-27 08:46:23,624 INFO  [org.hibernate.tool.hbm2ddl.TableMetadata] indexes: [division_geografica_pkey]
2013-08-27 08:46:23,651 INFO  [org.hibernate.tool.hbm2ddl.TableMetadata] table found: ebosmast.empresa_persona
2013-08-27 08:46:23,651 INFO  [org.hibernate.tool.hbm2ddl.TableMetadata] columns: [id, estado, id_modificador, modificacion, id_persona, id_creador, creacion, id_empresa]
2013-08-27 08:46:23,651 INFO  [org.hibernate.tool.hbm2ddl.TableMetadata] foreign keys: [fkb17155b6d1c1d70a, fkb17155b6d5aca0c6, fkb17155b66e7a9d23, fkb17155b6ef3198d3]
2013-08-27 08:46:23,651 INFO  [org.hibernate.tool.hbm2ddl.TableMetadata] indexes: [empresa_persona_pkey]
2013-08-27 08:46:23,675 INFO  [org.hibernate.tool.hbm2ddl.TableMetadata] table found: ebosmast.organizacion
2013-08-27 08:46:23,675 INFO  [org.hibernate.tool.hbm2ddl.TableMetadata] columns: [id, imagen, estado, id_modificador, modificacion, id_persona, descripcion, id_creador, creacion]
2013-08-27 08:46:23,675 INFO  [org.hibernate.tool.hbm2ddl.TableMetadata] foreign keys: [fkd05c1ae46e7a9d23, fkd05c1ae4ef3198d3, fkd05c1ae4d5aca0c6]
2013-08-27 08:46:23,676 INFO  [org.hibernate.tool.hbm2ddl.TableMetadata] indexes: [organizacion_pkey]
2013-08-27 08:46:23,706 INFO  [org.hibernate.tool.hbm2ddl.TableMetadata] table found: ebosmast.persona
2013-08-27 08:46:23,706 INFO  [org.hibernate.tool.hbm2ddl.TableMetadata] columns: [direccion, tipopersona, usuario, modificacion, contenttype, id, nombres, id_ciudad, id_modificador, facebook, tipoidentificacion, id_creador, proveedor, mail, empleado, apellidos, nacimiento, telefono, identificacion, imagen, genero, estado, cliente, creacion, celular]
2013-08-27 08:46:23,706 INFO  [org.hibernate.tool.hbm2ddl.TableMetadata] foreign keys: [fk25b5b8c9bf91450, fk25b5b8cd5aca0c6, fk25b5b8c6e7a9d23]
2013-08-27 08:46:23,707 INFO  [org.hibernate.tool.hbm2ddl.TableMetadata] indexes: [persona_identificacion_key, persona_pkey]
2013-08-27 08:46:23,728 INFO  [org.hibernate.tool.hbm2ddl.TableMetadata] table found: ebosmast.propiedad
2013-08-27 08:46:23,728 INFO  [org.hibernate.tool.hbm2ddl.TableMetadata] columns: [id, tipodato, id_categoria, estado, valor, lista, longitud, id_activo, valordefecto, requerido]
2013-08-27 08:46:23,728 INFO  [org.hibernate.tool.hbm2ddl.TableMetadata] foreign keys: [fk7b3823483e234921, fk7b38234881ba6945]
2013-08-27 08:46:23,728 INFO  [org.hibernate.tool.hbm2ddl.TableMetadata] indexes: [propiedad_pkey]
2013-08-27 08:46:23,749 INFO  [org.hibernate.tool.hbm2ddl.TableMetadata] table found: ebosmast.propiedad_valor
2013-08-27 08:46:23,749 INFO  [org.hibernate.tool.hbm2ddl.TableMetadata] columns: [id, valor, id_propiedad]
2013-08-27 08:46:23,749 INFO  [org.hibernate.tool.hbm2ddl.TableMetadata] foreign keys: [fk330988ed2db9ad8b]
2013-08-27 08:46:23,749 INFO  [org.hibernate.tool.hbm2ddl.TableMetadata] indexes: [propiedad_valor_pkey]
2013-08-27 08:46:23,772 INFO  [org.hibernate.tool.hbm2ddl.TableMetadata] table found: ebosmast.sucursal
2013-08-27 08:46:23,772 INFO  [org.hibernate.tool.hbm2ddl.TableMetadata] columns: [id, estado, id_modificador, modificacion, descripcion, id_creador, creacion, id_empresa]
2013-08-27 08:46:23,772 INFO  [org.hibernate.tool.hbm2ddl.TableMetadata] foreign keys: [fkb59c3e806e7a9d23, fkb59c3e80d1c1d70a, fkb59c3e80d5aca0c6]
2013-08-27 08:46:23,773 INFO  [org.hibernate.tool.hbm2ddl.TableMetadata] indexes: [sucursal_pkey]
2013-08-27 08:46:23,792 INFO  [org.hibernate.tool.hbm2ddl.TableMetadata] table found: ebosmast.tema
2013-08-27 08:46:23,792 INFO  [org.hibernate.tool.hbm2ddl.TableMetadata] columns: [nombre, id, imagen, estado]
2013-08-27 08:46:23,792 INFO  [org.hibernate.tool.hbm2ddl.TableMetadata] foreign keys: []
2013-08-27 08:46:23,792 INFO  [org.hibernate.tool.hbm2ddl.TableMetadata] indexes: [tema_pkey, tema_nombre_key]
2013-08-27 08:46:23,812 INFO  [org.hibernate.tool.hbm2ddl.TableMetadata] table found: ebosmast.tipo_documento
2013-08-27 08:46:23,812 INFO  [org.hibernate.tool.hbm2ddl.TableMetadata] columns: [id, impresion_automatica, contabiliza, id_tipo_documento_reserva, contable, pide_preimpreso]
2013-08-27 08:46:23,812 INFO  [org.hibernate.tool.hbm2ddl.TableMetadata] foreign keys: [fkffd037497f6284c5]
2013-08-27 08:46:23,812 INFO  [org.hibernate.tool.hbm2ddl.TableMetadata] indexes: [tipo_documento_pkey]
2013-08-27 08:46:23,836 INFO  [org.hibernate.tool.hbm2ddl.TableMetadata] table found: ebosmast.tipo_impuesto
2013-08-27 08:46:23,836 INFO  [org.hibernate.tool.hbm2ddl.TableMetadata] columns: [codigo, id, id_modificador, modificacion, descripcion, id_creador, clase, creacion]
2013-08-27 08:46:23,836 INFO  [org.hibernate.tool.hbm2ddl.TableMetadata] foreign keys: [fk79f4fdfd6e7a9d23, fk79f4fdfdd5aca0c6]
2013-08-27 08:46:23,836 INFO  [org.hibernate.tool.hbm2ddl.TableMetadata] indexes: [tipo_impuesto_pkey]
2013-08-27 08:46:23,857 INFO  [org.hibernate.tool.hbm2ddl.TableMetadata] table found: ebosmse.monagillo
2013-08-27 08:46:23,858 INFO  [org.hibernate.tool.hbm2ddl.TableMetadata] columns: [id, id_persona, representates, centroestudio, id_grupo]
2013-08-27 08:46:23,858 INFO  [org.hibernate.tool.hbm2ddl.TableMetadata] foreign keys: [fk382e24f85a90d68a, fk382e24f8ef3198d3]
2013-08-27 08:46:23,858 INFO  [org.hibernate.tool.hbm2ddl.TableMetadata] indexes: [monagillo_pkey]
2013-08-27 08:46:23,876 INFO  [org.hibernate.tool.hbm2ddl.TableMetadata] table found: ebosmse.nombre
2013-08-27 08:46:23,876 INFO  [org.hibernate.tool.hbm2ddl.TableMetadata] columns: [nombre, id]
2013-08-27 08:46:23,877 INFO  [org.hibernate.tool.hbm2ddl.TableMetadata] foreign keys: []
2013-08-27 08:46:23,877 INFO  [org.hibernate.tool.hbm2ddl.TableMetadata] indexes: [nombre_pkey]
2013-08-27 08:46:23,898 INFO  [org.hibernate.tool.hbm2ddl.TableMetadata] table found: ebossecu.rol
2013-08-27 08:46:23,899 INFO  [org.hibernate.tool.hbm2ddl.TableMetadata] columns: [nombre, id, estado, id_modificador, modificacion, descripcion, id_creador, creacion]
2013-08-27 08:46:23,899 INFO  [org.hibernate.tool.hbm2ddl.TableMetadata] foreign keys: [fk13daf6e7a9d23, fk13dafd5aca0c6]
2013-08-27 08:46:23,899 INFO  [org.hibernate.tool.hbm2ddl.TableMetadata] indexes: [rol_pkey, rol_nombre_key]
2013-08-27 08:46:23,926 INFO  [org.hibernate.tool.hbm2ddl.TableMetadata] table found: ebossecu.rol_opcion
2013-08-27 08:46:23,927 INFO  [org.hibernate.tool.hbm2ddl.TableMetadata] columns: [id, estado, exportar, id_opcion, id_modificador, modificacion, editar, id_creador, crear, creacion, id_rol, eliminar]
2013-08-27 08:46:23,927 INFO  [org.hibernate.tool.hbm2ddl.TableMetadata] foreign keys: [fk4438eb66e7a9d23, fk4438eb621e1adf7, fk4438eb68236e7c4, fk4438eb6d5aca0c6]
2013-08-27 08:46:23,927 INFO  [org.hibernate.tool.hbm2ddl.TableMetadata] indexes: [rol_opcion_pkey]
2013-08-27 08:46:23,951 INFO  [org.hibernate.tool.hbm2ddl.TableMetadata] table found: ebossecu.usuario
2013-08-27 08:46:23,952 INFO  [org.hibernate.tool.hbm2ddl.TableMetadata] columns: [id, localidad, username, estado, id_modificador, modificacion, tema, id_creador, creacion, password, maxoptions, id_empresapersona]
2013-08-27 08:46:23,952 INFO  [org.hibernate.tool.hbm2ddl.TableMetadata] foreign keys: [fk22e07f0ed5aca0c6, fk22e07f0e6e7a9d23, fk22e07f0e16c4340b]
2013-08-27 08:46:23,952 INFO  [org.hibernate.tool.hbm2ddl.TableMetadata] indexes: [usuario_username_key, usuario_pkey]
2013-08-27 08:46:23,975 INFO  [org.hibernate.tool.hbm2ddl.TableMetadata] table found: ebossecu.usuario_rol
2013-08-27 08:46:23,976 INFO  [org.hibernate.tool.hbm2ddl.TableMetadata] columns: [id, estado, id_usuario, id_modificador, modificacion, id_creador, creacion, id_rol]
2013-08-27 08:46:23,976 INFO  [org.hibernate.tool.hbm2ddl.TableMetadata] foreign keys: [fkb17ab4fed5aca0c6, fkb17ab4fe29414c35, fkb17ab4fe6e7a9d23, fkb17ab4fe21e1adf7]
2013-08-27 08:46:23,976 INFO  [org.hibernate.tool.hbm2ddl.TableMetadata] indexes: [usuario_rol_pkey]
2013-08-27 08:46:23,977 INFO  [org.hibernate.tool.hbm2ddl.DatabaseMetadata] table not found: PRODUCTO_BASE
2013-08-27 08:46:24,123 INFO  [org.hibernate.tool.hbm2ddl.SchemaUpdate] schema update complete
2013-08-27 08:46:24,124 INFO  [org.hibernate.connection.DriverManagerConnectionProvider] cleaning up connection pool: jdbc:postgresql://localhost:5432/ec.com.ebos-1.1.0.BETA
2013-08-27 08:46:24,450 INFO  [org.hibernate.connection.DriverManagerConnectionProvider] cleaning up connection pool: jdbc:postgresql://localhost:5432/ec.com.ebos-1.1.0.BETA
